# JRE version: OpenJDK Runtime Environment (11.0.10) (build 11.0.10+0-b96-7249189)
# Java VM: OpenJDK 64-Bit Server VM (11.0.10+0-b96-7249189, mixed mode, tiered, compressed oops, g1 gc, linux-amd64)
Heap:
 garbage-first heap   total 272384K, used 139382K [0x0000000080000000, 0x0000000100000000)
  region size 1024K, 10 young (10240K), 2 survivors (2048K)
 Metaspace       used 121398K, capacity 124345K, committed 126032K, reserved 1159168K
  class space    used 15167K, capacity 16265K, committed 16664K, reserved 1048576K
GC Heap History (20 events):
Event: 45,485 GC heap before
{Heap before GC invocations=28 (full 0):
 garbage-first heap   total 226304K, used 183317K [0x0000000080000000, 0x0000000100000000)
  region size 1024K, 81 young (82944K), 11 survivors (11264K)
 Metaspace       used 111095K, capacity 113966K, committed 114256K, reserved 1148928K
  class space    used 14265K, capacity 15275K, committed 15384K, reserved 1048576K
}
Event: 45,552 GC heap after
{Heap after GC invocations=29 (full 0):
 garbage-first heap   total 226304K, used 115361K [0x0000000080000000, 0x0000000100000000)
  region size 1024K, 8 young (8192K), 8 survivors (8192K)
 Metaspace       used 111095K, capacity 113966K, committed 114256K, reserved 1148928K
  class space    used 14265K, capacity 15275K, committed 15384K, reserved 1048576K
}
Event: 49,155 GC heap before
{Heap before GC invocations=30 (full 0):
 garbage-first heap   total 226304K, used 187041K [0x0000000080000000, 0x0000000100000000)
  region size 1024K, 78 young (79872K), 8 survivors (8192K)
 Metaspace       used 115334K, capacity 118212K, committed 118608K, reserved 1153024K
  class space    used 14753K, capacity 15796K, committed 15896K, reserved 1048576K
}
Event: 49,350 GC heap after
{Heap after GC invocations=31 (full 0):
 garbage-first heap   total 272384K, used 120356K [0x0000000080000000, 0x0000000100000000)
  region size 1024K, 8 young (8192K), 8 survivors (8192K)
 Metaspace       used 115334K, capacity 118212K, committed 118608K, reserved 1153024K
  class space    used 14753K, capacity 15796K, committed 15896K, reserved 1048576K
}
Event: 473,747 GC heap before
{Heap before GC invocations=31 (full 0):
 garbage-first heap   total 272384K, used 215588K [0x0000000080000000, 0x0000000100000000)
  region size 1024K, 102 young (104448K), 8 survivors (8192K)
 Metaspace       used 120105K, capacity 123165K, committed 123472K, reserved 1157120K
  class space    used 15138K, capacity 16292K, committed 16408K, reserved 1048576K
}
Event: 474,130 GC heap after
{Heap after GC invocations=32 (full 0):
 garbage-first heap   total 272384K, used 126842K [0x0000000080000000, 0x0000000100000000)
  region size 1024K, 11 young (11264K), 11 survivors (11264K)
 Metaspace       used 120105K, capacity 123165K, committed 123472K, reserved 1157120K
  class space    used 15138K, capacity 16292K, committed 16408K, reserved 1048576K
}
Event: 476,386 GC heap before
{Heap before GC invocations=32 (full 0):
 garbage-first heap   total 272384K, used 146298K [0x0000000080000000, 0x0000000100000000)
  region size 1024K, 31 young (31744K), 11 survivors (11264K)
 Metaspace       used 120510K, capacity 123630K, committed 123728K, reserved 1157120K
  class space    used 15172K, capacity 16351K, committed 16408K, reserved 1048576K
}
Event: 476,548 GC heap after
{Heap after GC invocations=33 (full 0):
 garbage-first heap   total 272384K, used 130505K [0x0000000080000000, 0x0000000100000000)
  region size 1024K, 4 young (4096K), 4 survivors (4096K)
 Metaspace       used 120510K, capacity 123630K, committed 123728K, reserved 1157120K
  class space    used 15172K, capacity 16351K, committed 16408K, reserved 1048576K
}
Event: 479,210 GC heap before
{Heap before GC invocations=34 (full 0):
 garbage-first heap   total 272384K, used 262601K [0x0000000080000000, 0x0000000100000000)
  region size 1024K, 16 young (16384K), 4 survivors (4096K)
 Metaspace       used 120476K, capacity 123558K, committed 123984K, reserved 1157120K
  class space    used 15149K, capacity 16305K, committed 16408K, reserved 1048576K
}
Event: 479,409 GC heap after
{Heap after GC invocations=35 (full 0):
 garbage-first heap   total 272384K, used 159510K [0x0000000080000000, 0x0000000100000000)
  region size 1024K, 6 young (6144K), 6 survivors (6144K)
 Metaspace       used 120476K, capacity 123558K, committed 123984K, reserved 1157120K
  class space    used 15149K, capacity 16305K, committed 16408K, reserved 1048576K
}
Event: 481,556 GC heap before
{Heap before GC invocations=36 (full 0):
 garbage-first heap   total 272384K, used 198422K [0x0000000080000000, 0x0000000100000000)
  region size 1024K, 31 young (31744K), 6 survivors (6144K)
 Metaspace       used 121193K, capacity 124297K, committed 124496K, reserved 1157120K
  class space    used 15216K, capacity 16354K, committed 16408K, reserved 1048576K
}
Event: 481,579 GC heap after
{Heap after GC invocations=37 (full 0):
 garbage-first heap   total 272384K, used 131214K [0x0000000080000000, 0x0000000100000000)
  region size 1024K, 2 young (2048K), 2 survivors (2048K)
 Metaspace       used 121193K, capacity 124297K, committed 124496K, reserved 1157120K
  class space    used 15216K, capacity 16354K, committed 16408K, reserved 1048576K
}
Event: 1669,378 GC heap before
{Heap before GC invocations=37 (full 0):
 garbage-first heap   total 272384K, used 174222K [0x0000000080000000, 0x0000000100000000)
  region size 1024K, 45 young (46080K), 2 survivors (2048K)
 Metaspace       used 122127K, capacity 125472K, committed 125648K, reserved 1159168K
  class space    used 15329K, capacity 16533K, committed 16536K, reserved 1048576K
}
Event: 1669,722 GC heap after
{Heap after GC invocations=38 (full 0):
 garbage-first heap   total 272384K, used 131917K [0x0000000080000000, 0x0000000100000000)
  region size 1024K, 3 young (3072K), 3 survivors (3072K)
 Metaspace       used 122127K, capacity 125472K, committed 125648K, reserved 1159168K
  class space    used 15329K, capacity 16533K, committed 16536K, reserved 1048576K
}
Event: 2273,680 GC heap before
{Heap before GC invocations=39 (full 0):
 garbage-first heap   total 272384K, used 146253K [0x0000000080000000, 0x0000000100000000)
  region size 1024K, 17 young (17408K), 3 survivors (3072K)
 Metaspace       used 122142K, capacity 125536K, committed 125648K, reserved 1159168K
  class space    used 15329K, capacity 16533K, committed 16536K, reserved 1048576K
}
Event: 2273,894 GC heap after
{Heap after GC invocations=40 (full 0):
 garbage-first heap   total 272384K, used 131984K [0x0000000080000000, 0x0000000100000000)
  region size 1024K, 2 young (2048K), 2 survivors (2048K)
 Metaspace       used 122142K, capacity 125536K, committed 125648K, reserved 1159168K
  class space    used 15329K, capacity 16533K, committed 16536K, reserved 1048576K
}
Event: 3107,791 GC heap before
{Heap before GC invocations=40 (full 0):
 garbage-first heap   total 272384K, used 151440K [0x0000000080000000, 0x0000000100000000)
  region size 1024K, 21 young (21504K), 2 survivors (2048K)
 Metaspace       used 122164K, capacity 125601K, committed 125648K, reserved 1159168K
  class space    used 15329K, capacity 16533K, committed 16536K, reserved 1048576K
}
Event: 3108,085 GC heap after
{Heap after GC invocations=41 (full 0):
 garbage-first heap   total 272384K, used 131864K [0x0000000080000000, 0x0000000100000000)
  region size 1024K, 2 young (2048K), 2 survivors (2048K)
 Metaspace       used 122164K, capacity 125601K, committed 125648K, reserved 1159168K
  class space    used 15329K, capacity 16533K, committed 16536K, reserved 1048576K
}
Event: 3111,925 GC heap before
{Heap before GC invocations=42 (full 0):
 garbage-first heap   total 272384K, used 143128K [0x0000000080000000, 0x0000000100000000)
  region size 1024K, 13 young (13312K), 2 survivors (2048K)
 Metaspace       used 121385K, capacity 124338K, committed 126032K, reserved 1159168K
  class space    used 15167K, capacity 16265K, committed 16664K, reserved 1048576K
}
Event: 3112,001 GC heap after
{Heap after GC invocations=43 (full 0):
 garbage-first heap   total 272384K, used 133238K [0x0000000080000000, 0x0000000100000000)
  region size 1024K, 2 young (2048K), 2 survivors (2048K)
 Metaspace       used 121385K, capacity 124338K, committed 126032K, reserved 1159168K
  class space    used 15167K, capacity 16265K, committed 16664K, reserved 1048576K
}

