# JRE version: OpenJDK Runtime Environment (11.0.10) (build 11.0.10+0-b96-7249189)
# Java VM: OpenJDK 64-Bit Server VM (11.0.10+0-b96-7249189, mixed mode, tiered, compressed oops, g1 gc, linux-amd64)
Heap:
 garbage-first heap   total 227328K, used 127535K [0x0000000080000000, 0x0000000100000000)
  region size 1024K, 6 young (6144K), 3 survivors (3072K)
 Metaspace       used 122957K, capacity 127097K, committed 127300K, reserved 1159168K
  class space    used 15579K, capacity 17085K, committed 17152K, reserved 1048576K
GC Heap History (20 events):
Event: 1126,404 GC heap before
{Heap before GC invocations=57 (full 0):
 garbage-first heap   total 227328K, used 144839K [0x0000000080000000, 0x0000000100000000)
  region size 1024K, 39 young (39936K), 2 survivors (2048K)
 Metaspace       used 120347K, capacity 124073K, committed 124228K, reserved 1157120K
  class space    used 15274K, capacity 16622K, committed 16640K, reserved 1048576K
}
Event: 1126,480 GC heap after
{Heap after GC invocations=58 (full 0):
 garbage-first heap   total 227328K, used 111465K [0x0000000080000000, 0x0000000100000000)
  region size 1024K, 4 young (4096K), 4 survivors (4096K)
 Metaspace       used 120347K, capacity 124073K, committed 124228K, reserved 1157120K
  class space    used 15274K, capacity 16622K, committed 16640K, reserved 1048576K
}
Event: 1518,370 GC heap before
{Heap before GC invocations=59 (full 0):
 garbage-first heap   total 227328K, used 172905K [0x0000000080000000, 0x0000000100000000)
  region size 1024K, 51 young (52224K), 4 survivors (4096K)
 Metaspace       used 120831K, capacity 124743K, committed 124868K, reserved 1157120K
  class space    used 15324K, capacity 16715K, committed 16768K, reserved 1048576K
}
Event: 1518,627 GC heap after
{Heap after GC invocations=60 (full 0):
 garbage-first heap   total 227328K, used 115233K [0x0000000080000000, 0x0000000100000000)
  region size 1024K, 7 young (7168K), 7 survivors (7168K)
 Metaspace       used 120831K, capacity 124743K, committed 124868K, reserved 1157120K
  class space    used 15324K, capacity 16715K, committed 16768K, reserved 1048576K
}
Event: 1519,069 GC heap before
{Heap before GC invocations=60 (full 0):
 garbage-first heap   total 227328K, used 119329K [0x0000000080000000, 0x0000000100000000)
  region size 1024K, 11 young (11264K), 7 survivors (7168K)
 Metaspace       used 120918K, capacity 124854K, committed 125124K, reserved 1157120K
  class space    used 15343K, capacity 16750K, committed 16768K, reserved 1048576K
}
Event: 1519,298 GC heap after
{Heap after GC invocations=61 (full 0):
 garbage-first heap   total 227328K, used 107946K [0x0000000080000000, 0x0000000100000000)
  region size 1024K, 2 young (2048K), 2 survivors (2048K)
 Metaspace       used 120918K, capacity 124854K, committed 125124K, reserved 1157120K
  class space    used 15343K, capacity 16750K, committed 16768K, reserved 1048576K
}
Event: 1535,470 GC heap before
{Heap before GC invocations=61 (full 0):
 garbage-first heap   total 227328K, used 140714K [0x0000000080000000, 0x0000000100000000)
  region size 1024K, 36 young (36864K), 2 survivors (2048K)
 Metaspace       used 121606K, capacity 125734K, committed 125892K, reserved 1159168K
  class space    used 15462K, capacity 16971K, committed 17024K, reserved 1048576K
}
Event: 1535,635 GC heap after
{Heap after GC invocations=62 (full 0):
 garbage-first heap   total 227328K, used 109910K [0x0000000080000000, 0x0000000100000000)
  region size 1024K, 4 young (4096K), 4 survivors (4096K)
 Metaspace       used 121606K, capacity 125734K, committed 125892K, reserved 1159168K
  class space    used 15462K, capacity 16971K, committed 17024K, reserved 1048576K
}
Event: 1659,016 GC heap before
{Heap before GC invocations=63 (full 0):
 garbage-first heap   total 227328K, used 178518K [0x0000000080000000, 0x0000000100000000)
  region size 1024K, 58 young (59392K), 4 survivors (4096K)
 Metaspace       used 121778K, capacity 125849K, committed 126148K, reserved 1159168K
  class space    used 15468K, capacity 16980K, committed 17024K, reserved 1048576K
}
Event: 1659,309 GC heap after
{Heap after GC invocations=64 (full 0):
 garbage-first heap   total 227328K, used 114828K [0x0000000080000000, 0x0000000100000000)
  region size 1024K, 8 young (8192K), 8 survivors (8192K)
 Metaspace       used 121778K, capacity 125849K, committed 126148K, reserved 1159168K
  class space    used 15468K, capacity 16980K, committed 17024K, reserved 1048576K
}
Event: 1659,538 GC heap before
{Heap before GC invocations=64 (full 0):
 garbage-first heap   total 227328K, used 116876K [0x0000000080000000, 0x0000000100000000)
  region size 1024K, 11 young (11264K), 8 survivors (8192K)
 Metaspace       used 121794K, capacity 125853K, committed 126148K, reserved 1159168K
  class space    used 15468K, capacity 16980K, committed 17024K, reserved 1048576K
}
Event: 1659,693 GC heap after
{Heap after GC invocations=65 (full 0):
 garbage-first heap   total 227328K, used 109595K [0x0000000080000000, 0x0000000100000000)
  region size 1024K, 1 young (1024K), 1 survivors (1024K)
 Metaspace       used 121794K, capacity 125853K, committed 126148K, reserved 1159168K
  class space    used 15468K, capacity 16980K, committed 17024K, reserved 1048576K
}
Event: 1900,042 GC heap before
{Heap before GC invocations=65 (full 0):
 garbage-first heap   total 227328K, used 166939K [0x0000000080000000, 0x0000000100000000)
  region size 1024K, 57 young (58368K), 1 survivors (1024K)
 Metaspace       used 121947K, capacity 126050K, committed 126148K, reserved 1159168K
  class space    used 15469K, capacity 16980K, committed 17024K, reserved 1048576K
}
Event: 1900,290 GC heap after
{Heap after GC invocations=66 (full 0):
 garbage-first heap   total 227328K, used 114932K [0x0000000080000000, 0x0000000100000000)
  region size 1024K, 7 young (7168K), 7 survivors (7168K)
 Metaspace       used 121947K, capacity 126050K, committed 126148K, reserved 1159168K
  class space    used 15469K, capacity 16980K, committed 17024K, reserved 1048576K
}
Event: 1912,745 GC heap before
{Heap before GC invocations=67 (full 0):
 garbage-first heap   total 227328K, used 137394K [0x0000000080000000, 0x0000000100000000)
  region size 1024K, 31 young (31744K), 7 survivors (7168K)
 Metaspace       used 122439K, capacity 126622K, committed 126788K, reserved 1159168K
  class space    used 15529K, capacity 17063K, committed 17152K, reserved 1048576K
}
Event: 1912,794 GC heap after
{Heap after GC invocations=68 (full 0):
 garbage-first heap   total 227328K, used 116253K [0x0000000080000000, 0x0000000100000000)
  region size 1024K, 3 young (3072K), 3 survivors (3072K)
 Metaspace       used 122439K, capacity 126622K, committed 126788K, reserved 1159168K
  class space    used 15529K, capacity 17063K, committed 17152K, reserved 1048576K
}
Event: 1913,035 GC heap before
{Heap before GC invocations=68 (full 0):
 garbage-first heap   total 227328K, used 124445K [0x0000000080000000, 0x0000000100000000)
  region size 1024K, 11 young (11264K), 3 survivors (3072K)
 Metaspace       used 122760K, capacity 126906K, committed 127044K, reserved 1159168K
  class space    used 15570K, capacity 17071K, committed 17152K, reserved 1048576K
}
Event: 1913,105 GC heap after
{Heap after GC invocations=69 (full 0):
 garbage-first heap   total 227328K, used 110384K [0x0000000080000000, 0x0000000100000000)
  region size 1024K, 2 young (2048K), 2 survivors (2048K)
 Metaspace       used 122760K, capacity 126906K, committed 127044K, reserved 1159168K
  class space    used 15570K, capacity 17071K, committed 17152K, reserved 1048576K
}
Event: 1915,179 GC heap before
{Heap before GC invocations=69 (full 0):
 garbage-first heap   total 227328K, used 122672K [0x0000000080000000, 0x0000000100000000)
  region size 1024K, 16 young (16384K), 2 survivors (2048K)
 Metaspace       used 122947K, capacity 127104K, committed 127300K, reserved 1159168K
  class space    used 15581K, capacity 17089K, committed 17152K, reserved 1048576K
}
Event: 1915,215 GC heap after
{Heap after GC invocations=70 (full 0):
 garbage-first heap   total 227328K, used 111151K [0x0000000080000000, 0x0000000100000000)
  region size 1024K, 3 young (3072K), 3 survivors (3072K)
 Metaspace       used 122947K, capacity 127104K, committed 127300K, reserved 1159168K
  class space    used 15581K, capacity 17089K, committed 17152K, reserved 1048576K
}

